INFO 2025-04-15 22:16:20,709 tasks 뉴스 크롤링 시작
INFO 2025-04-15 22:16:20,709 tasks 크롤링 스케줄러 시작됨
ERROR 2025-04-15 22:16:20,799 utils 뉴스 크롤링 실패: HTTP 403
INFO 2025-04-15 22:16:20,799 tasks 뉴스 크롤링 완료
INFO 2025-04-15 22:16:20,799 tasks 시장 지수 크롤링 시작
ERROR 2025-04-15 22:16:21,217 utils 시장 지수 테이블을 찾을 수 없음
INFO 2025-04-15 22:16:34,065 tasks 뉴스 크롤링 시작
INFO 2025-04-15 22:16:34,065 tasks 크롤링 스케줄러 시작됨
ERROR 2025-04-15 22:16:34,123 utils 뉴스 크롤링 실패: HTTP 403
INFO 2025-04-15 22:16:34,123 tasks 뉴스 크롤링 완료
INFO 2025-04-15 22:16:34,123 tasks 시장 지수 크롤링 시작
INFO 2025-04-15 22:19:49,248 tasks 뉴스 크롤링 시작
INFO 2025-04-15 22:19:49,248 tasks 크롤링 스케줄러 시작됨
ERROR 2025-04-15 22:19:49,354 utils 뉴스 크롤링 실패: HTTP 403
INFO 2025-04-15 22:19:49,354 tasks 뉴스 크롤링 완료
INFO 2025-04-15 22:19:49,354 tasks 시장 지수 크롤링 시작
ERROR 2025-04-15 22:19:49,846 utils 시장 지수 테이블을 찾을 수 없음
INFO 2025-04-15 22:19:49,847 tasks 시장 지수 크롤링 완료
INFO 2025-04-15 22:22:49,920 tasks 시장 지수 크롤링 시작
ERROR 2025-04-15 22:22:50,269 utils 시장 지수 테이블을 찾을 수 없음
INFO 2025-04-15 22:22:50,269 tasks 시장 지수 크롤링 완료
INFO 2025-04-15 22:24:49,313 tasks 뉴스 크롤링 시작
ERROR 2025-04-15 22:24:49,379 utils 뉴스 크롤링 실패: HTTP 403
INFO 2025-04-15 22:24:49,380 tasks 뉴스 크롤링 완료
INFO 2025-04-15 22:25:50,405 tasks 시장 지수 크롤링 시작
ERROR 2025-04-15 22:25:50,792 utils 시장 지수 테이블을 찾을 수 없음
INFO 2025-04-15 22:25:50,793 tasks 시장 지수 크롤링 완료
INFO 2025-04-15 22:28:50,863 tasks 시장 지수 크롤링 시작
ERROR 2025-04-15 22:28:51,322 utils 시장 지수 테이블을 찾을 수 없음
INFO 2025-04-15 22:28:51,322 tasks 시장 지수 크롤링 완료
INFO 2025-04-15 22:29:49,351 tasks 뉴스 크롤링 시작
ERROR 2025-04-15 22:29:49,434 utils 뉴스 크롤링 실패: HTTP 403
INFO 2025-04-15 22:29:49,434 tasks 뉴스 크롤링 완료
INFO 2025-04-15 22:31:51,480 tasks 시장 지수 크롤링 시작
ERROR 2025-04-15 22:31:52,177 utils 시장 지수 테이블을 찾을 수 없음
INFO 2025-04-15 22:31:52,178 tasks 시장 지수 크롤링 완료
INFO 2025-04-15 22:34:50,250 tasks 뉴스 크롤링 시작
ERROR 2025-04-15 22:34:50,332 utils 뉴스 크롤링 실패: HTTP 403
INFO 2025-04-15 22:34:50,333 tasks 뉴스 크롤링 완료
INFO 2025-04-15 22:34:52,334 tasks 시장 지수 크롤링 시작
ERROR 2025-04-15 22:34:52,981 utils 시장 지수 테이블을 찾을 수 없음
INFO 2025-04-15 22:34:52,982 tasks 시장 지수 크롤링 완료
INFO 2025-04-15 22:37:53,060 tasks 시장 지수 크롤링 시작
ERROR 2025-04-15 22:37:53,466 utils 시장 지수 테이블을 찾을 수 없음
INFO 2025-04-15 22:37:53,467 tasks 시장 지수 크롤링 완료
INFO 2025-04-15 22:39:50,513 tasks 뉴스 크롤링 시작
ERROR 2025-04-15 22:39:50,636 utils 뉴스 크롤링 실패: HTTP 403
INFO 2025-04-15 22:39:50,637 tasks 뉴스 크롤링 완료
INFO 2025-04-15 22:40:53,662 tasks 시장 지수 크롤링 시작
ERROR 2025-04-15 22:40:54,475 utils 시장 지수 테이블을 찾을 수 없음
INFO 2025-04-15 22:40:54,476 tasks 시장 지수 크롤링 완료
INFO 2025-04-15 22:43:54,547 tasks 시장 지수 크롤링 시작
ERROR 2025-04-15 22:43:55,016 utils 시장 지수 테이블을 찾을 수 없음
INFO 2025-04-15 22:43:55,017 tasks 시장 지수 크롤링 완료
INFO 2025-04-15 22:44:51,040 tasks 뉴스 크롤링 시작
ERROR 2025-04-15 22:44:51,115 utils 뉴스 크롤링 실패: HTTP 403
INFO 2025-04-15 22:44:51,116 tasks 뉴스 크롤링 완료
INFO 2025-04-15 22:46:55,165 tasks 시장 지수 크롤링 시작
ERROR 2025-04-15 22:46:55,482 utils 시장 지수 테이블을 찾을 수 없음
INFO 2025-04-15 22:46:55,486 tasks 시장 지수 크롤링 완료
INFO 2025-04-15 22:49:51,557 tasks 뉴스 크롤링 시작
ERROR 2025-04-15 22:49:51,620 utils 뉴스 크롤링 실패: HTTP 403
INFO 2025-04-15 22:49:51,620 tasks 뉴스 크롤링 완료
INFO 2025-04-15 22:49:55,623 tasks 시장 지수 크롤링 시작
ERROR 2025-04-15 22:49:56,019 utils 시장 지수 테이블을 찾을 수 없음
INFO 2025-04-15 22:49:56,020 tasks 시장 지수 크롤링 완료
ERROR 2025-04-15 22:50:33,732 utils 뉴스 크롤링 실패: HTTP 403
ERROR 2025-04-15 22:50:33,804 utils 뉴스 크롤링 실패: HTTP 403
ERROR 2025-04-15 22:50:43,035 utils 뉴스 크롤링 실패: HTTP 403
ERROR 2025-04-15 22:50:43,110 utils 뉴스 크롤링 실패: HTTP 403
ERROR 2025-04-15 22:51:04,850 utils 뉴스 크롤링 실패: HTTP 403
ERROR 2025-04-15 22:51:04,959 utils 뉴스 크롤링 실패: HTTP 403
ERROR 2025-04-15 22:51:13,438 utils 뉴스 크롤링 실패: HTTP 403
ERROR 2025-04-15 22:51:13,534 utils 뉴스 크롤링 실패: HTTP 403
ERROR 2025-04-15 22:51:18,729 utils 뉴스 크롤링 실패: HTTP 403
ERROR 2025-04-15 22:51:18,817 utils 뉴스 크롤링 실패: HTTP 403
ERROR 2025-04-15 22:51:21,109 utils 뉴스 크롤링 실패: HTTP 403
ERROR 2025-04-15 22:51:21,198 utils 뉴스 크롤링 실패: HTTP 403
ERROR 2025-04-15 22:51:32,405 utils 뉴스 크롤링 실패: HTTP 403
ERROR 2025-04-15 22:51:32,552 utils 뉴스 크롤링 실패: HTTP 403
ERROR 2025-04-15 22:51:55,555 utils 뉴스 크롤링 실패: HTTP 403
ERROR 2025-04-15 22:51:55,658 utils 뉴스 크롤링 실패: HTTP 403
INFO 2025-04-15 22:52:56,088 tasks 시장 지수 크롤링 시작
ERROR 2025-04-15 22:52:56,526 utils 시장 지수 테이블을 찾을 수 없음
INFO 2025-04-15 22:52:56,528 tasks 시장 지수 크롤링 완료
ERROR 2025-04-15 22:53:38,937 utils 뉴스 크롤링 실패: HTTP 403
ERROR 2025-04-15 22:53:38,986 utils 뉴스 크롤링 실패: HTTP 403
ERROR 2025-04-15 22:53:43,954 utils 뉴스 크롤링 실패: HTTP 403
ERROR 2025-04-15 22:53:44,005 utils 뉴스 크롤링 실패: HTTP 403
INFO 2025-04-15 22:54:51,571 tasks 뉴스 크롤링 시작
ERROR 2025-04-15 22:54:51,620 utils 뉴스 크롤링 실패: HTTP 403
INFO 2025-04-15 22:54:51,620 tasks 뉴스 크롤링 완료
ERROR 2025-04-15 22:55:03,745 utils 뉴스 크롤링 실패: HTTP 403
ERROR 2025-04-15 22:55:03,822 utils 뉴스 크롤링 실패: HTTP 403
INFO 2025-04-15 22:55:56,646 tasks 시장 지수 크롤링 시작
ERROR 2025-04-15 22:55:57,230 utils 시장 지수 테이블을 찾을 수 없음
INFO 2025-04-15 22:55:57,232 tasks 시장 지수 크롤링 완료
ERROR 2025-04-15 22:56:08,226 utils 뉴스 크롤링 실패: HTTP 403
ERROR 2025-04-15 22:56:44,436 utils 뉴스 크롤링 실패: HTTP 403
ERROR 2025-04-15 22:56:44,490 utils 뉴스 크롤링 실패: HTTP 403
INFO 2025-04-15 22:58:57,307 tasks 시장 지수 크롤링 시작
ERROR 2025-04-15 22:58:57,592 utils 시장 지수 테이블을 찾을 수 없음
INFO 2025-04-15 22:58:57,593 tasks 시장 지수 크롤링 완료
INFO 2025-04-15 22:59:51,615 tasks 뉴스 크롤링 시작
ERROR 2025-04-15 22:59:51,667 utils 뉴스 크롤링 실패: HTTP 403
INFO 2025-04-15 22:59:51,667 tasks 뉴스 크롤링 완료
ERROR 2025-04-15 23:00:08,426 utils 뉴스 크롤링 실패: HTTP 403
ERROR 2025-04-15 23:00:08,482 utils 뉴스 크롤링 실패: HTTP 403
ERROR 2025-04-15 23:01:31,891 utils 뉴스 크롤링 실패: HTTP 403
ERROR 2025-04-15 23:01:31,940 utils 뉴스 크롤링 실패: HTTP 403
INFO 2025-04-15 23:01:57,715 tasks 시장 지수 크롤링 시작
ERROR 2025-04-15 23:01:58,109 utils 시장 지수 테이블을 찾을 수 없음
INFO 2025-04-15 23:01:58,111 tasks 시장 지수 크롤링 완료
ERROR 2025-04-15 23:02:53,453 utils 뉴스 크롤링 실패: HTTP 403
ERROR 2025-04-15 23:02:53,513 utils 뉴스 크롤링 실패: HTTP 403
INFO 2025-04-15 23:04:52,178 tasks 뉴스 크롤링 시작
ERROR 2025-04-15 23:04:52,237 utils 뉴스 크롤링 실패: HTTP 403
INFO 2025-04-15 23:04:52,237 tasks 뉴스 크롤링 완료
ERROR 2025-04-15 23:04:54,992 utils 뉴스 크롤링 실패: HTTP 403
ERROR 2025-04-15 23:04:55,089 utils 뉴스 크롤링 실패: HTTP 403
INFO 2025-04-15 23:04:58,240 tasks 시장 지수 크롤링 시작
ERROR 2025-04-15 23:04:58,690 utils 시장 지수 테이블을 찾을 수 없음
INFO 2025-04-15 23:04:58,691 tasks 시장 지수 크롤링 완료
INFO 2025-04-15 23:07:58,761 tasks 시장 지수 크롤링 시작
ERROR 2025-04-15 23:07:59,200 utils 시장 지수 테이블을 찾을 수 없음
INFO 2025-04-15 23:07:59,201 tasks 시장 지수 크롤링 완료
INFO 2025-04-15 23:09:52,247 tasks 뉴스 크롤링 시작
ERROR 2025-04-15 23:09:52,581 utils 뉴스 크롤링 실패: HTTP 403
INFO 2025-04-15 23:09:52,582 tasks 뉴스 크롤링 완료
INFO 2025-04-15 23:10:59,610 tasks 시장 지수 크롤링 시작
ERROR 2025-04-15 23:10:59,981 utils 시장 지수 테이블을 찾을 수 없음
INFO 2025-04-15 23:10:59,982 tasks 시장 지수 크롤링 완료
INFO 2025-04-15 23:14:00,055 tasks 시장 지수 크롤링 시작
ERROR 2025-04-15 23:14:00,396 utils 시장 지수 테이블을 찾을 수 없음
INFO 2025-04-15 23:14:00,397 tasks 시장 지수 크롤링 완료
INFO 2025-04-15 23:14:52,416 tasks 뉴스 크롤링 시작
ERROR 2025-04-15 23:14:52,517 utils 뉴스 크롤링 실패: HTTP 403
INFO 2025-04-15 23:14:52,518 tasks 뉴스 크롤링 완료
INFO 2025-04-15 23:17:00,565 tasks 시장 지수 크롤링 시작
ERROR 2025-04-15 23:17:01,058 utils 시장 지수 테이블을 찾을 수 없음
INFO 2025-04-15 23:17:01,059 tasks 시장 지수 크롤링 완료
INFO 2025-04-15 23:19:53,124 tasks 뉴스 크롤링 시작
ERROR 2025-04-15 23:19:53,198 utils 뉴스 크롤링 실패: HTTP 403
INFO 2025-04-15 23:19:53,198 tasks 뉴스 크롤링 완료
INFO 2025-04-15 23:20:01,202 tasks 시장 지수 크롤링 시작
ERROR 2025-04-15 23:20:01,645 utils 시장 지수 테이블을 찾을 수 없음
INFO 2025-04-15 23:20:01,646 tasks 시장 지수 크롤링 완료
INFO 2025-04-15 23:23:01,716 tasks 시장 지수 크롤링 시작
ERROR 2025-04-15 23:23:02,166 utils 시장 지수 테이블을 찾을 수 없음
INFO 2025-04-15 23:23:02,167 tasks 시장 지수 크롤링 완료
INFO 2025-04-15 23:24:53,207 tasks 뉴스 크롤링 시작
ERROR 2025-04-15 23:24:53,267 utils 뉴스 크롤링 실패: HTTP 403
INFO 2025-04-15 23:24:53,267 tasks 뉴스 크롤링 완료
INFO 2025-04-15 23:26:02,294 tasks 시장 지수 크롤링 시작
ERROR 2025-04-15 23:26:02,688 utils 시장 지수 테이블을 찾을 수 없음
INFO 2025-04-15 23:26:02,689 tasks 시장 지수 크롤링 완료
INFO 2025-04-15 23:28:51,704 tasks 뉴스 크롤링 시작
INFO 2025-04-15 23:28:51,705 tasks 크롤링 스케줄러 시작됨
ERROR 2025-04-15 23:28:51,765 utils 뉴스 크롤링 실패: HTTP 403
INFO 2025-04-15 23:28:51,765 tasks 뉴스 크롤링 완료
INFO 2025-04-15 23:28:51,765 tasks 시장 지수 크롤링 시작
ERROR 2025-04-15 23:28:52,250 utils 시장 지수 테이블을 찾을 수 없음
INFO 2025-04-15 23:28:52,250 tasks 시장 지수 크롤링 완료
